0 info it worked if it ends with ok
1 verbose cli [ 'C:\\Program Files\\nodejs\\node.exe',
1 verbose cli   'C:\\Program Files\\nodejs\\node_modules\\npm\\bin\\npm-cli.js',
1 verbose cli   'run',
1 verbose cli   'lint-fix' ]
2 info using npm@3.3.12
3 info using node@v5.2.0
4 verbose run-script [ 'prelint-fix', 'lint-fix', 'postlint-fix' ]
5 info lifecycle @~prelint-fix: @
6 silly lifecycle @~prelint-fix: no script for prelint-fix, continuing
7 info lifecycle @~lint-fix: @
8 verbose lifecycle @~lint-fix: unsafe-perm in lifecycle true
9 verbose lifecycle @~lint-fix: PATH: C:\Program Files\nodejs\node_modules\npm\bin\node-gyp-bin;E:\git-repo\my_blog\projects\my_countdown\node_modules\.bin;C:\Users\lenovo\bin;D:\Program Files\Git\mingw32\bin;D:\Program Files\Git\usr\local\bin;D:\Program Files\Git\usr\bin;D:\Program Files\Git\usr\bin;D:\Program Files\Git\mingw32\bin;D:\Program Files\Git\usr\bin;C:\Users\lenovo\bin;C:\ProgramData\Oracle\Java\javapath;D:\Ruby22\bin;C:\Program Files\Common Files\NetSarang;D:\Program Files\Sencha\Cmd\5.0.0.160;C:\Windows\system32;C:\Windows;C:\Windows\System32\Wbem;C:\Windows\System32\WindowsPowerShell\v1.0;C:\Program Files\Intel\OpenCL SDK\2.0\bin\x86;C:\Program Files\Microsoft SQL Server\100\Tools\Binn;C:\Program Files\Microsoft SQL Server\100\DTS\Binn;C:\Program Files\Microsoft SQL Server\100\Tools\Binn\VSShell\Common7\IDE;C:\Program Files\Microsoft Visual Studio 9.0\Common7\IDE\PrivateAssemblies;C:\Program Files\VisualSVN\bin;C:\Program Files\TortoiseSVN\bin;C:\Program Files\MySQL\MySQL Server 5.1\bin;C:\Program Files\Microsoft\Web Platform Installer;C:\Program Files\Microsoft ASP.NET\ASP.NET Web Pages\v1.0;C:\Program Files\Microsoft SQL Server\110\Tools\Binn;C:\Program Files\Windows Kits\8.1\Windows Performance Toolkit; C;D:\Program Files\Git\Program Files\Java\jdk1.8.0_65\bin;C:\Program Files\Java\jdk1.8.0_65\jre\bin;C:\Users\lenovo\Desktop\APP\adt-bundle-windows-x86-20130917.467161976\adt-bundle-windows-x86-20130917\sdk;C:\Users\lenovo\Desktop\APP\apache-ant-1.9.5-bin\apache-ant-1.9.5\bin;C:\Users\lenovo\Desktop\APP\adt-bundle-windows-x86-20130917.467161976\adt-bundle-windows-x86-20130917\sdk\tools;C:\Users\lenovo\Desktop\APP\adt-bundle-windows-x86-20130917.467161976\adt-bundle-windows-x86-20130917\sdk\platform-tools;C:\Program Files\nodejs;D:\Program Files\Microsoft VS Code\bin;C:\Users\lenovo\AppData\Roaming\npm;C:\Program Files\MyDrivers\DriverGenius;C:\Program Files\MyDrivers\DriverGenius\ksoft;D:\Program Files\Git\usr\bin\vendor_perl;D:\Program Files\Git\usr\bin\core_perl
10 verbose lifecycle @~lint-fix: CWD: E:\git-repo\my_blog\projects\my_countdown
11 silly lifecycle @~lint-fix: Args: [ '/d /s /c', 'eslint --fix .js,.jsx src' ]
12 silly lifecycle @~lint-fix: Returned: code: 1  signal: null
13 info lifecycle @~lint-fix: Failed to exec lint-fix script
14 verbose stack Error: @ lint-fix: `eslint --fix .js,.jsx src`
14 verbose stack Exit status 1
14 verbose stack     at EventEmitter.<anonymous> (C:\Program Files\nodejs\node_modules\npm\lib\utils\lifecycle.js:232:16)
14 verbose stack     at emitTwo (events.js:88:13)
14 verbose stack     at EventEmitter.emit (events.js:173:7)
14 verbose stack     at ChildProcess.<anonymous> (C:\Program Files\nodejs\node_modules\npm\lib\utils\spawn.js:24:14)
14 verbose stack     at emitTwo (events.js:88:13)
14 verbose stack     at ChildProcess.emit (events.js:173:7)
14 verbose stack     at maybeClose (internal/child_process.js:819:16)
14 verbose stack     at Process.ChildProcess._handle.onexit (internal/child_process.js:212:5)
15 verbose pkgid @
16 verbose cwd E:\git-repo\my_blog\projects\my_countdown
17 error Windows_NT 6.1.7601
18 error argv "C:\\Program Files\\nodejs\\node.exe" "C:\\Program Files\\nodejs\\node_modules\\npm\\bin\\npm-cli.js" "run" "lint-fix"
19 error node v5.2.0
20 error npm  v3.3.12
21 error code ELIFECYCLE
22 error @ lint-fix: `eslint --fix .js,.jsx src`
22 error Exit status 1
23 error Failed at the @ lint-fix script 'eslint --fix .js,.jsx src'.
23 error Make sure you have the latest version of node.js and npm installed.
23 error If you do, this is most likely a problem with the  package,
23 error not with npm itself.
23 error Tell the author that this fails on your system:
23 error     eslint --fix .js,.jsx src
23 error You can get their info via:
23 error     npm owner ls
23 error There is likely additional logging output above.
24 verbose exit [ 1, true ]
